\BOOKMARK [0][-]{chapter.1}{\376\377\000C\000l\000a\000s\000s\000\040\000I\000n\000d\000e\000x}{}% 1
\BOOKMARK [1][-]{section.1.1}{\376\377\000C\000l\000a\000s\000s\000\040\000L\000i\000s\000t}{chapter.1}% 2
\BOOKMARK [0][-]{chapter.2}{\376\377\000F\000i\000l\000e\000\040\000I\000n\000d\000e\000x}{}% 3
\BOOKMARK [1][-]{section.2.1}{\376\377\000F\000i\000l\000e\000\040\000L\000i\000s\000t}{chapter.2}% 4
\BOOKMARK [0][-]{chapter.3}{\376\377\000C\000l\000a\000s\000s\000\040\000D\000o\000c\000u\000m\000e\000n\000t\000a\000t\000i\000o\000n}{}% 5
\BOOKMARK [1][-]{section.3.1}{\376\377\000P\000i\000c\000t\000u\000r\000e\000D\000a\000t\000a\000\040\000S\000t\000r\000u\000c\000t\000\040\000R\000e\000f\000e\000r\000e\000n\000c\000e}{chapter.3}% 6
\BOOKMARK [2][-]{subsection.3.1.1}{\376\377\000D\000e\000t\000a\000i\000l\000e\000d\000\040\000D\000e\000s\000c\000r\000i\000p\000t\000i\000o\000n}{section.3.1}% 7
\BOOKMARK [2][-]{subsection.3.1.2}{\376\377\000M\000e\000m\000b\000e\000r\000\040\000D\000a\000t\000a\000\040\000D\000o\000c\000u\000m\000e\000n\000t\000a\000t\000i\000o\000n}{section.3.1}% 8
\BOOKMARK [3][-]{subsubsection.3.1.2.1}{\376\377\000d\000a\000t\000a}{subsection.3.1.2}% 9
\BOOKMARK [3][-]{subsubsection.3.1.2.2}{\376\377\000f\000r\000a\000m\000e\000\137\000c\000o\000u\000n\000t}{subsection.3.1.2}% 10
\BOOKMARK [3][-]{subsubsection.3.1.2.3}{\376\377\000h\000e\000i\000g\000h\000t}{subsection.3.1.2}% 11
\BOOKMARK [3][-]{subsubsection.3.1.2.4}{\376\377\000s\000i\000z\000e}{subsection.3.1.2}% 12
\BOOKMARK [3][-]{subsubsection.3.1.2.5}{\376\377\000w\000i\000d\000t\000h}{subsection.3.1.2}% 13
\BOOKMARK [1][-]{section.3.2}{\376\377\000v\000e\000c\000t\000o\000r\000\040\000S\000t\000r\000u\000c\000t\000\040\000R\000e\000f\000e\000r\000e\000n\000c\000e}{chapter.3}% 14
\BOOKMARK [2][-]{subsection.3.2.1}{\376\377\000D\000e\000t\000a\000i\000l\000e\000d\000\040\000D\000e\000s\000c\000r\000i\000p\000t\000i\000o\000n}{section.3.2}% 15
\BOOKMARK [2][-]{subsection.3.2.2}{\376\377\000M\000e\000m\000b\000e\000r\000\040\000D\000a\000t\000a\000\040\000D\000o\000c\000u\000m\000e\000n\000t\000a\000t\000i\000o\000n}{section.3.2}% 16
\BOOKMARK [3][-]{subsubsection.3.2.2.1}{\376\377\000x}{subsection.3.2.2}% 17
\BOOKMARK [3][-]{subsubsection.3.2.2.2}{\376\377\000y}{subsection.3.2.2}% 18
\BOOKMARK [0][-]{chapter.4}{\376\377\000F\000i\000l\000e\000\040\000D\000o\000c\000u\000m\000e\000n\000t\000a\000t\000i\000o\000n}{}% 19
\BOOKMARK [1][-]{section.4.1}{\376\377\000s\000r\000c\000/\000m\000a\000i\000n\000.\000c\000p\000p\000\040\000F\000i\000l\000e\000\040\000R\000e\000f\000e\000r\000e\000n\000c\000e}{chapter.4}% 20
\BOOKMARK [2][-]{subsection.4.1.1}{\376\377\000M\000a\000c\000r\000o\000\040\000D\000e\000f\000i\000n\000i\000t\000i\000o\000n\000\040\000D\000o\000c\000u\000m\000e\000n\000t\000a\000t\000i\000o\000n}{section.4.1}% 21
\BOOKMARK [3][-]{subsubsection.4.1.1.1}{\376\377\000C\000H\000U\000N\000K\000\137\000S\000I\000Z\000E}{subsection.4.1.1}% 22
\BOOKMARK [2][-]{subsection.4.1.2}{\376\377\000F\000u\000n\000c\000t\000i\000o\000n\000\040\000D\000o\000c\000u\000m\000e\000n\000t\000a\000t\000i\000o\000n}{section.4.1}% 23
\BOOKMARK [3][-]{subsubsection.4.1.2.1}{\376\377\000c\000o\000m\000p\000a\000r\000e}{subsection.4.1.2}% 24
\BOOKMARK [3][-]{subsubsection.4.1.2.2}{\376\377\000g\000e\000t\000V\000i\000d\000e\000o\000I\000n\000f\000o}{subsection.4.1.2}% 25
\BOOKMARK [3][-]{subsubsection.4.1.2.3}{\376\377\000m\000a\000i\000n}{subsection.4.1.2}% 26
\BOOKMARK [3][-]{subsubsection.4.1.2.4}{\376\377\000s\000h\000i\000f\000t\000D\000a\000t\000a}{subsection.4.1.2}% 27
\BOOKMARK [3][-]{subsubsection.4.1.2.5}{\376\377\000s\000t\000a\000r\000t\000F\000F\000m\000p\000e\000g}{subsection.4.1.2}% 28
\BOOKMARK [1][-]{section.4.2}{\376\377\000s\000r\000c\000/\000m\000a\000i\000n\000.\000h\000\040\000F\000i\000l\000e\000\040\000R\000e\000f\000e\000r\000e\000n\000c\000e}{chapter.4}% 29
\BOOKMARK [2][-]{subsection.4.2.1}{\376\377\000M\000a\000c\000r\000o\000\040\000D\000e\000f\000i\000n\000i\000t\000i\000o\000n\000\040\000D\000o\000c\000u\000m\000e\000n\000t\000a\000t\000i\000o\000n}{section.4.2}% 30
\BOOKMARK [3][-]{subsubsection.4.2.1.1}{\376\377\000M\000A\000X\000\137\000F\000I\000L\000E\000S}{subsection.4.2.1}% 31
\BOOKMARK [3][-]{subsubsection.4.2.1.2}{\376\377\000T\000H\000R\000E\000A\000D\000S}{subsection.4.2.1}% 32
\BOOKMARK [1][-]{section.4.3}{\376\377\000s\000r\000c\000/\000p\000n\000g\000\137\000d\000e\000c\000o\000d\000e\000.\000c\000p\000p\000\040\000F\000i\000l\000e\000\040\000R\000e\000f\000e\000r\000e\000n\000c\000e}{chapter.4}% 33
\BOOKMARK [2][-]{subsection.4.3.1}{\376\377\000F\000u\000n\000c\000t\000i\000o\000n\000\040\000D\000o\000c\000u\000m\000e\000n\000t\000a\000t\000i\000o\000n}{section.4.3}% 34
\BOOKMARK [3][-]{subsubsection.4.3.1.1}{\376\377\000a\000b\000o\000r\000t\000\137}{subsection.4.3.1}% 35
\BOOKMARK [3][-]{subsubsection.4.3.1.2}{\376\377\000p\000r\000o\000c\000e\000s\000s\000\137\000f\000i\000l\000e}{subsection.4.3.1}% 36
\BOOKMARK [3][-]{subsubsection.4.3.1.3}{\376\377\000r\000e\000a\000d\000\137\000p\000n\000g\000\137\000f\000i\000l\000e}{subsection.4.3.1}% 37
\BOOKMARK [2][-]{subsection.4.3.2}{\376\377\000V\000a\000r\000i\000a\000b\000l\000e\000\040\000D\000o\000c\000u\000m\000e\000n\000t\000a\000t\000i\000o\000n}{section.4.3}% 38
\BOOKMARK [3][-]{subsubsection.4.3.2.1}{\376\377\000n\000u\000m\000b\000e\000r\000\137\000o\000f\000\137\000p\000a\000s\000s\000e\000s}{subsection.4.3.2}% 39
\BOOKMARK [3][-]{subsubsection.4.3.2.2}{\376\377\000x}{subsection.4.3.2}% 40
\BOOKMARK [3][-]{subsubsection.4.3.2.3}{\376\377\000y}{subsection.4.3.2}% 41
\BOOKMARK [1][-]{section.4.4}{\376\377\000s\000r\000c\000/\000p\000n\000g\000\137\000d\000e\000c\000o\000d\000e\000.\000h\000\040\000F\000i\000l\000e\000\040\000R\000e\000f\000e\000r\000e\000n\000c\000e}{chapter.4}% 42
\BOOKMARK [2][-]{subsection.4.4.1}{\376\377\000F\000u\000n\000c\000t\000i\000o\000n\000\040\000D\000o\000c\000u\000m\000e\000n\000t\000a\000t\000i\000o\000n}{section.4.4}% 43
\BOOKMARK [3][-]{subsubsection.4.4.1.1}{\376\377\000p\000r\000o\000c\000e\000s\000s\000\137\000f\000i\000l\000e}{subsection.4.4.1}% 44
\BOOKMARK [3][-]{subsubsection.4.4.1.2}{\376\377\000r\000e\000a\000d\000\137\000p\000n\000g\000\137\000f\000i\000l\000e}{subsection.4.4.1}% 45
\BOOKMARK [1][-]{section.4.5}{\376\377\000s\000r\000c\000/\000P\000S\000N\000R\000.\000c\000p\000p\000\040\000F\000i\000l\000e\000\040\000R\000e\000f\000e\000r\000e\000n\000c\000e}{chapter.4}% 46
\BOOKMARK [2][-]{subsection.4.5.1}{\376\377\000F\000u\000n\000c\000t\000i\000o\000n\000\040\000D\000o\000c\000u\000m\000e\000n\000t\000a\000t\000i\000o\000n}{section.4.5}% 47
\BOOKMARK [3][-]{subsubsection.4.5.1.1}{\376\377\000c\000o\000u\000n\000t\000P\000S\000N\000R}{subsection.4.5.1}% 48
\BOOKMARK [1][-]{section.4.6}{\376\377\000s\000r\000c\000/\000p\000s\000n\000r\000.\000h\000\040\000F\000i\000l\000e\000\040\000R\000e\000f\000e\000r\000e\000n\000c\000e}{chapter.4}% 49
\BOOKMARK [2][-]{subsection.4.6.1}{\376\377\000F\000u\000n\000c\000t\000i\000o\000n\000\040\000D\000o\000c\000u\000m\000e\000n\000t\000a\000t\000i\000o\000n}{section.4.6}% 50
\BOOKMARK [3][-]{subsubsection.4.6.1.1}{\376\377\000c\000o\000u\000n\000t\000P\000S\000N\000R}{subsection.4.6.1}% 51
\BOOKMARK [1][-]{section.4.7}{\376\377\000s\000r\000c\000/\000S\000S\000I\000M\000.\000c\000p\000p\000\040\000F\000i\000l\000e\000\040\000R\000e\000f\000e\000r\000e\000n\000c\000e}{chapter.4}% 52
\BOOKMARK [2][-]{subsection.4.7.1}{\376\377\000F\000u\000n\000c\000t\000i\000o\000n\000\040\000D\000o\000c\000u\000m\000e\000n\000t\000a\000t\000i\000o\000n}{section.4.7}% 53
\BOOKMARK [3][-]{subsubsection.4.7.1.1}{\376\377\000c\000o\000u\000n\000t\000S\000S\000I\000M}{subsection.4.7.1}% 54
\BOOKMARK [1][-]{section.4.8}{\376\377\000s\000r\000c\000/\000S\000S\000I\000M\000.\000h\000\040\000F\000i\000l\000e\000\040\000R\000e\000f\000e\000r\000e\000n\000c\000e}{chapter.4}% 55
\BOOKMARK [2][-]{subsection.4.8.1}{\376\377\000M\000a\000c\000r\000o\000\040\000D\000e\000f\000i\000n\000i\000t\000i\000o\000n\000\040\000D\000o\000c\000u\000m\000e\000n\000t\000a\000t\000i\000o\000n}{section.4.8}% 56
\BOOKMARK [3][-]{subsubsection.4.8.1.1}{\376\377\000C\0001}{subsection.4.8.1}% 57
\BOOKMARK [3][-]{subsubsection.4.8.1.2}{\376\377\000C\0002}{subsection.4.8.1}% 58
\BOOKMARK [3][-]{subsubsection.4.8.1.3}{\376\377\000R\000E\000C\000T\000\137\000S\000I\000Z\000E}{subsection.4.8.1}% 59
\BOOKMARK [3][-]{subsubsection.4.8.1.4}{\376\377\000R\000E\000C\000T\000\137\000S\000Q\000R\000T}{subsection.4.8.1}% 60
\BOOKMARK [3][-]{subsubsection.4.8.1.5}{\376\377\000S\000K\000I\000P\000\137\000S\000I\000Z\000E}{subsection.4.8.1}% 61
\BOOKMARK [2][-]{subsection.4.8.2}{\376\377\000F\000u\000n\000c\000t\000i\000o\000n\000\040\000D\000o\000c\000u\000m\000e\000n\000t\000a\000t\000i\000o\000n}{section.4.8}% 62
\BOOKMARK [3][-]{subsubsection.4.8.2.1}{\376\377\000c\000o\000u\000n\000t\000A\000v\000g}{subsection.4.8.2}% 63
\BOOKMARK [3][-]{subsubsection.4.8.2.2}{\376\377\000c\000o\000u\000n\000t\000C\000o\000v\000a\000r\000i\000a\000n\000c\000e}{subsection.4.8.2}% 64
\BOOKMARK [3][-]{subsubsection.4.8.2.3}{\376\377\000c\000o\000u\000n\000t\000R\000e\000c\000t\000a\000n\000g\000l\000e}{subsection.4.8.2}% 65
\BOOKMARK [3][-]{subsubsection.4.8.2.4}{\376\377\000c\000o\000u\000n\000t\000R\000e\000s}{subsection.4.8.2}% 66
\BOOKMARK [3][-]{subsubsection.4.8.2.5}{\376\377\000c\000o\000u\000n\000t\000S\000S\000I\000M}{subsection.4.8.2}% 67
\BOOKMARK [3][-]{subsubsection.4.8.2.6}{\376\377\000c\000o\000u\000n\000t\000V\000a\000r\000i\000a\000n\000c\000e}{subsection.4.8.2}% 68
\BOOKMARK [3][-]{subsubsection.4.8.2.7}{\376\377\000g\000e\000t\000R\000e\000c\000t}{subsection.4.8.2}% 69
\BOOKMARK [1][-]{section.4.9}{\376\377\000s\000r\000c\000/\000s\000t\000v\000s\000s\000i\000m\000.\000c\000p\000p\000\040\000F\000i\000l\000e\000\040\000R\000e\000f\000e\000r\000e\000n\000c\000e}{chapter.4}% 70
\BOOKMARK [2][-]{subsection.4.9.1}{\376\377\000F\000u\000n\000c\000t\000i\000o\000n\000\040\000D\000o\000c\000u\000m\000e\000n\000t\000a\000t\000i\000o\000n}{section.4.9}% 71
\BOOKMARK [3][-]{subsubsection.4.9.1.1}{\376\377\000c\000o\000u\000n\000t\000A\000R\000P\000S}{subsection.4.9.1}% 72
\BOOKMARK [3][-]{subsubsection.4.9.1.2}{\376\377\000c\000o\000u\000n\000t\000D\000e\000l\000t\000a}{subsection.4.9.1}% 73
\BOOKMARK [3][-]{subsubsection.4.9.1.3}{\376\377\000c\000o\000u\000n\000t\000D\000e\000l\000t\000a\000S\000q\000r}{subsection.4.9.1}% 74
\BOOKMARK [3][-]{subsubsection.4.9.1.4}{\376\377\000c\000o\000u\000n\000t\000M\000e\000t\000r\000i\000c\000S\000T\000V\000S\000S\000I\000M}{subsection.4.9.1}% 75
\BOOKMARK [3][-]{subsubsection.4.9.1.5}{\376\377\000c\000o\000u\000n\000t\000M\000u}{subsection.4.9.1}% 76
\BOOKMARK [3][-]{subsubsection.4.9.1.6}{\376\377\000c\000o\000u\000n\000t\000S\000A\000D}{subsection.4.9.1}% 77
\BOOKMARK [3][-]{subsubsection.4.9.1.7}{\376\377\000c\000o\000u\000n\000t\000S\000S\000I\000M\0003\000D}{subsection.4.9.1}% 78
\BOOKMARK [3][-]{subsubsection.4.9.1.8}{\376\377\000c\000o\000u\000n\000t\000S\000T\000V\000S\000S\000I\000M}{subsection.4.9.1}% 79
\BOOKMARK [3][-]{subsubsection.4.9.1.9}{\376\377\000f\000i\000l\000l\000C\000u\000b\000e}{subsection.4.9.1}% 80
\BOOKMARK [3][-]{subsubsection.4.9.1.10}{\376\377\000g\000e\000n\000e\000r\000a\000t\000e\000C\000u\000b\000e}{subsection.4.9.1}% 81
\BOOKMARK [3][-]{subsubsection.4.9.1.11}{\376\377\000g\000e\000n\000e\000r\000a\000t\000e\000F\000i\000l\000t\000e\000r\000s}{subsection.4.9.1}% 82
\BOOKMARK [3][-]{subsubsection.4.9.1.12}{\376\377\000s\000h\000i\000f\000t\000D\000a\000t\000a}{subsection.4.9.1}% 83
\BOOKMARK [1][-]{section.4.10}{\376\377\000s\000r\000c\000/\000s\000t\000v\000s\000s\000i\000m\000.\000h\000\040\000F\000i\000l\000e\000\040\000R\000e\000f\000e\000r\000e\000n\000c\000e}{chapter.4}% 84
\BOOKMARK [2][-]{subsection.4.10.1}{\376\377\000M\000a\000c\000r\000o\000\040\000D\000e\000f\000i\000n\000i\000t\000i\000o\000n\000\040\000D\000o\000c\000u\000m\000e\000n\000t\000a\000t\000i\000o\000n}{section.4.10}% 85
\BOOKMARK [3][-]{subsubsection.4.10.1.1}{\376\377\000F\000R\000A\000M\000E\000\137\000C\000N\000T}{subsection.4.10.1}% 86
\BOOKMARK [3][-]{subsubsection.4.10.1.2}{\376\377\000F\000R\000A\000M\000E\000\137\000S\000K\000I\000P}{subsection.4.10.1}% 87
\BOOKMARK [3][-]{subsubsection.4.10.1.3}{\376\377\000I\000N\000T\000\137\000M\000A\000X}{subsection.4.10.1}% 88
\BOOKMARK [3][-]{subsubsection.4.10.1.4}{\376\377\000R\000E\000C\000T\000\137\000S\000I\000Z\000E\000\137\0003\000D}{subsection.4.10.1}% 89
\BOOKMARK [3][-]{subsubsection.4.10.1.5}{\376\377\000R\000E\000C\000T\000\137\000S\000I\000Z\000E\000\137\000A\000R\000P\000S}{subsection.4.10.1}% 90
\BOOKMARK [3][-]{subsubsection.4.10.1.6}{\376\377\000R\000E\000C\000T\000\137\000S\000Q\000R\000T\000\137\0003\000D}{subsection.4.10.1}% 91
\BOOKMARK [3][-]{subsubsection.4.10.1.7}{\376\377\000R\000E\000C\000T\000\137\000S\000Q\000R\000T\000\137\000A\000R\000P\000S}{subsection.4.10.1}% 92
\BOOKMARK [3][-]{subsubsection.4.10.1.8}{\376\377\000R\000O\000O\000D\000\137\000S\000I\000Z\000E}{subsection.4.10.1}% 93
\BOOKMARK [3][-]{subsubsection.4.10.1.9}{\376\377\000Z\000E\000R\000O\000\137\000M\000V\000M\000T}{subsection.4.10.1}% 94
\BOOKMARK [2][-]{subsection.4.10.2}{\376\377\000F\000u\000n\000c\000t\000i\000o\000n\000\040\000D\000o\000c\000u\000m\000e\000n\000t\000a\000t\000i\000o\000n}{section.4.10}% 95
\BOOKMARK [3][-]{subsubsection.4.10.2.1}{\376\377\000c\000o\000u\000n\000t\000A\000R\000P\000S}{subsection.4.10.2}% 96
\BOOKMARK [3][-]{subsubsection.4.10.2.2}{\376\377\000c\000o\000u\000n\000t\000D\000e\000l\000t\000a}{subsection.4.10.2}% 97
\BOOKMARK [3][-]{subsubsection.4.10.2.3}{\376\377\000c\000o\000u\000n\000t\000D\000e\000l\000t\000a\000S\000q\000r}{subsection.4.10.2}% 98
\BOOKMARK [3][-]{subsubsection.4.10.2.4}{\376\377\000c\000o\000u\000n\000t\000M\000e\000t\000r\000i\000c\000S\000T\000V\000S\000S\000I\000M}{subsection.4.10.2}% 99
\BOOKMARK [3][-]{subsubsection.4.10.2.5}{\376\377\000c\000o\000u\000n\000t\000M\000u}{subsection.4.10.2}% 100
\BOOKMARK [3][-]{subsubsection.4.10.2.6}{\376\377\000c\000o\000u\000n\000t\000S\000A\000D}{subsection.4.10.2}% 101
\BOOKMARK [3][-]{subsubsection.4.10.2.7}{\376\377\000c\000o\000u\000n\000t\000S\000S\000I\000M\0003\000D}{subsection.4.10.2}% 102
\BOOKMARK [3][-]{subsubsection.4.10.2.8}{\376\377\000c\000o\000u\000n\000t\000S\000T\000V\000S\000S\000I\000M}{subsection.4.10.2}% 103
\BOOKMARK [3][-]{subsubsection.4.10.2.9}{\376\377\000f\000i\000l\000l\000C\000u\000b\000e}{subsection.4.10.2}% 104
\BOOKMARK [3][-]{subsubsection.4.10.2.10}{\376\377\000g\000e\000n\000e\000r\000a\000t\000e\000C\000u\000b\000e}{subsection.4.10.2}% 105
\BOOKMARK [3][-]{subsubsection.4.10.2.11}{\376\377\000g\000e\000n\000e\000r\000a\000t\000e\000F\000i\000l\000t\000e\000r\000s}{subsection.4.10.2}% 106
\BOOKMARK [3][-]{subsubsection.4.10.2.12}{\376\377\000s\000h\000i\000f\000t\000D\000a\000t\000a}{subsection.4.10.2}% 107
\BOOKMARK [0][-]{section*.21}{\376\377\000I\000n\000d\000e\000x}{}% 108
